#
# A fatal error has been detected by the Java Runtime Environment:
#
#  SIGSEGV (0xb) at pc=0x00007f96bf41ddce, pid=3311, tid=0x00007f96f58ef700
#
# JRE version: OpenJDK Runtime Environment (8.0_242-b08) (build 1.8.0_242-b08)
# Java VM: OpenJDK 64-Bit Server VM (25.242-b08 mixed mode linux-amd64 compressed oops)
# Problematic frame:
# C  [radeonsi_dri.so+0xaa5dce]
#
# Core dump written. Default location: /run/media/patrick/Patrick2To-Data/UTILISATEURS/Patrick/Projets/JavaFX-DungeonCrawler/core or core.3311
#
# If you would like to submit a bug report, please visit:
#   http://bugreport.java.com/bugreport/crash.jsp
# The crash happened outside the Java Virtual Machine in native code.
# See problematic frame for where to report the bug.
#

---------------  T H R E A D  ---------------

Current thread (0x00007f96c40c9000):  JavaThread "QuantumRenderer-0" daemon [_thread_in_native, id=3349, stack(0x00007f96f57ef000,0x00007f96f58f0000)]

siginfo: si_signo: 11 (SIGSEGV), si_code: 128 (SI_KERNEL), si_addr: 0x0000000000000000

Registers:
RAX=0x3ff0000000000000, RBX=0x00007f96b845d670, RCX=0x00007f96b8460bc0, RDX=0x00007f96b8460690
RSP=0x00007f96f58ed470, RBP=0x0000000000003020, RSI=0x00007f96b8460bc0, RDI=0x00007f96b845d670
R8 =0x0000000000000000, R9 =0x0000000000000000, R10=0x0000000000000000, R11=0xff808080ff808080
R12=0x0000000000000001, R13=0x0000000000000000, R14=0x0000000000000000, R15=0x00007f96b84bd440
RIP=0x00007f96bf41ddce, EFLAGS=0x0000000000010206, CSGSFS=0x002b000000000033, ERR=0x0000000000000000
  TRAPNO=0x000000000000000d

Top of Stack: (sp=0x00007f96f58ed470)
0x00007f96f58ed470:   0000000000000002 0000000000000000
0x00007f96f58ed480:   0000000000000005 00007f96b845d670
0x00007f96f58ed490:   0000000000000002 00007f96bf41deed
0x00007f96f58ed4a0:   00007f96b845d670 0000001b00000002
0x00007f96f58ed4b0:   00007f96f58ed550 00007f96bf421170
0x00007f96f58ed4c0:   00007f96b845d670 00000013bead2c85
0x00007f96f58ed4d0:   00007f96b84bdb98 71709309d6b9c700
0x00007f96f58ed4e0:   00007f96b84bd430 00007f96b845d670
0x00007f96f58ed4f0:   00007f96b84bd430 0000000000000002
0x00007f96f58ed500:   0000000000000002 00007f96beb04a5b
0x00007f96f58ed510:   00007f96b845d670 0000000300000001
0x00007f96f58ed520:   0000000000000000 0000000000000003
0x00007f96f58ed530:   000000000000db80 0001000100000000
0x00007f96f58ed540:   00007f96b84de670 71709309d6b9c700
0x00007f96f58ed550:   0000000003200402 0000000000000006
0x00007f96f58ed560:   0000000000000001 0000000000000000
0x00007f96f58ed570:   0000000000000003 00007f96b8430280
0x00007f96f58ed580:   0000000000000000 0000000000000000
0x00007f96f58ed590:   0000000000000000 00000000d804afb8
0x00007f96f58ed5a0:   0000040000000000 00007f96b8b43b40
0x00007f96f58ed5b0:   00007f96b84a5e20 00007f96bf268f22
0x00007f96f58ed5c0:   00007f96f58ed680 0e4ddca1bef941f2
0x00007f96f58ed5d0:   00007f96b845d670 0000000000000001
0x00007f96f58ed5e0:   0000000000000000 0000000000000006
0x00007f96f58ed5f0:   0000000000000002 0000000000000000
0x00007f96f58ed600:   0000000000000001 00007f96bef7fcbd
0x00007f96f58ed610:   0000001000000070 00007f96b847bef0
0x00007f96f58ed620:   0000000084717c00 00007f96f58ed7d0
0x00007f96f58ed630:   00007f96f58ed6fc 00007f96f58ed790
0x00007f96f58ed640:   0000000000000000 000000000000c000
0x00007f96f58ed650:   00007f96b84b11c8 00007f96b84b1150
0x00007f96f58ed660:   00007f96f58ed680 00007f96f58ed7b0 

Instructions: (pc=0x00007f96bf41ddce)
0x00007f96bf41ddae:   8d b4 2f 30 05 00 00 8b 82 3c 05 00 00 f0 01 87
0x00007f96bf41ddbe:   00 04 00 00 48 8b 82 40 05 00 00 48 85 c0 74 21
0x00007f96bf41ddce:   48 c7 40 08 00 00 00 00 f0 83 28 01 74 74 4d 69
0x00007f96bf41ddde:   e4 20 30 00 00 4a c7 84 23 40 05 00 00 00 00 00 

Register to memory mapping:

RAX=0x3ff0000000000000 is an unknown value
RBX=0x00007f96b845d670 is an unknown value
RCX=0x00007f96b8460bc0 is an unknown value
RDX=0x00007f96b8460690 is an unknown value
RSP=0x00007f96f58ed470 is pointing into the stack for thread: 0x00007f96c40c9000
RBP=0x0000000000003020 is an unknown value
RSI=0x00007f96b8460bc0 is an unknown value
RDI=0x00007f96b845d670 is an unknown value
R8 =0x0000000000000000 is an unknown value
R9 =0x0000000000000000 is an unknown value
R10=0x0000000000000000 is an unknown value
R11=0xff808080ff808080 is an unknown value
R12=0x0000000000000001 is an unknown value
R13=0x0000000000000000 is an unknown value
R14=0x0000000000000000 is an unknown value
R15=0x00007f96b84bd440 is an unknown value


Stack: [0x00007f96f57ef000,0x00007f96f58f0000],  sp=0x00007f96f58ed470,  free space=1017k
Native frames: (J=compiled Java code, j=interpreted, Vv=VM code, C=native code)
C  [radeonsi_dri.so+0xaa5dce]

Java frames: (J=compiled Java code, j=interpreted, Vv=VM code)
J 1066  com.sun.prism.es2.GLContext.nDrawIndexedQuads(JI[F[B)V (0 bytes) @ 0x00007f9715544dac [0x00007f9715544d40+0x6c]
J 1169 C2 com.sun.prism.impl.ps.BaseShaderContext.checkState(Lcom/sun/prism/impl/ps/BaseShaderGraphics;ILcom/sun/javafx/geom/transform/BaseTransform;Lcom/sun/prism/ps/Shader;)V (208 bytes) @ 0x00007f97155bd9a4 [0x00007f97155bd7e0+0x1c4]
J 2476 C2 com.sun.javafx.sg.prism.NGCanvas$RenderBuf.validate(Lcom/sun/prism/Graphics;II)Z (475 bytes) @ 0x00007f9715a07630 [0x00007f9715a071e0+0x450]
J 2542 C2 com.sun.javafx.sg.prism.NGCanvas.renderStream(Lcom/sun/javafx/sg/prism/GrowableDataBuffer;)V (2290 bytes) @ 0x00007f9715a7544c [0x00007f9715a75380+0xcc]
J 2197 C1 com.sun.javafx.sg.prism.NGCanvas.renderContent(Lcom/sun/prism/Graphics;)V (142 bytes) @ 0x00007f971589f694 [0x00007f971589f4e0+0x1b4]
J 2656 C1 com.sun.javafx.sg.prism.NGNode.doRender(Lcom/sun/prism/Graphics;)V (473 bytes) @ 0x00007f971561dec4 [0x00007f971561c0c0+0x1e04]
J 2366 C2 com.sun.javafx.sg.prism.NGNode.render(Lcom/sun/prism/Graphics;)V (39 bytes) @ 0x00007f971594faf0 [0x00007f971594f9a0+0x150]
J 2195 C1 com.sun.javafx.sg.prism.NGGroup.renderContent(Lcom/sun/prism/Graphics;)V (436 bytes) @ 0x00007f97158aeabc [0x00007f97158adce0+0xddc]
J 2656 C1 com.sun.javafx.sg.prism.NGNode.doRender(Lcom/sun/prism/Graphics;)V (473 bytes) @ 0x00007f971561dec4 [0x00007f971561c0c0+0x1e04]
J 2537 C2 com.sun.javafx.tk.quantum.ViewPainter.paintImpl(Lcom/sun/prism/Graphics;)V (1468 bytes) @ 0x00007f9715a4f9dc [0x00007f9715a4f4a0+0x53c]
J 2117 C1 com.sun.javafx.tk.quantum.PresentingPainter.run()V (675 bytes) @ 0x00007f97158579cc [0x00007f9715855960+0x206c]
J 2148 C1 java.util.concurrent.Executors$RunnableAdapter.call()Ljava/lang/Object; (14 bytes) @ 0x00007f9715880a8c [0x00007f9715880980+0x10c]
J 2106 C1 java.util.concurrent.FutureTask.runAndReset()Z (128 bytes) @ 0x00007f971584ae6c [0x00007f971584ac00+0x26c]
J 2105 C1 com.sun.javafx.tk.RenderJob.run()V (105 bytes) @ 0x00007f971584856c [0x00007f97158484e0+0x8c]
j  java.util.concurrent.ThreadPoolExecutor.runWorker(Ljava/util/concurrent/ThreadPoolExecutor$Worker;)V+95
j  java.util.concurrent.ThreadPoolExecutor$Worker.run()V+5
j  com.sun.javafx.tk.quantum.QuantumRenderer$PipelineRunnable.run()V+8
j  java.lang.Thread.run()V+11
v  ~StubRoutines::call_stub

---------------  P R O C E S S  ---------------

Java Threads: ( => current thread )
  0x00007f968004b000 JavaThread "Glass/Prism Shutdown Hook" [_thread_in_vm, id=4082, stack(0x00007f96b18b4000,0x00007f96b19b5000)]
  0x00007f96e0001000 JavaThread "SIGTERM handler" daemon [_thread_blocked, id=4081, stack(0x00007f96f76f7000,0x00007f96f77f8000)]
  0x00007f96c41fa800 JavaThread "JavaFX Application Thread" [_thread_in_native, id=3364, stack(0x00007f969865e000,0x00007f969875f000)]
  0x00007f96c41f7000 JavaThread "Thread-2" daemon [_thread_blocked, id=3363, stack(0x00007f969875f000,0x00007f9698860000)]
=>0x00007f96c40c9000 JavaThread "QuantumRenderer-0" daemon [_thread_in_native, id=3349, stack(0x00007f96f57ef000,0x00007f96f58f0000)]
  0x00007f97243db000 JavaThread "JavaFX-Launcher" [_thread_blocked, id=3345, stack(0x00007f96f58f0000,0x00007f96f59f1000)]
  0x00007f9724338800 JavaThread "Service Thread" daemon [_thread_blocked, id=3343, stack(0x00007f96f5af2000,0x00007f96f5bf3000)]
  0x00007f972432b000 JavaThread "C1 CompilerThread2" daemon [_thread_blocked, id=3342, stack(0x00007f96f5bf4000,0x00007f96f5cf4000)]
  0x00007f9724328800 JavaThread "C2 CompilerThread1" daemon [_thread_blocked, id=3341, stack(0x00007f96f5cf5000,0x00007f96f5df5000)]
  0x00007f9724327800 JavaThread "C2 CompilerThread0" daemon [_thread_blocked, id=3340, stack(0x00007f96f5df6000,0x00007f96f5ef6000)]
  0x00007f97241d8000 JavaThread "JDWP Event Helper Thread" daemon [_thread_blocked, id=3334, stack(0x00007f96f77f8000,0x00007f96f78f9000)]
  0x00007f97241d4800 JavaThread "JDWP Transport Listener: dt_socket" daemon [_thread_in_native, id=3333, stack(0x00007f96f78f9000,0x00007f96f79fa000)]
  0x00007f97241c6000 JavaThread "Signal Dispatcher" daemon [_thread_blocked, id=3331, stack(0x00007f96f79fa000,0x00007f96f7afb000)]
  0x00007f9724195800 JavaThread "Finalizer" daemon [_thread_blocked, id=3330, stack(0x00007f96f7afb000,0x00007f96f7bfc000)]
  0x00007f9724191000 JavaThread "Reference Handler" daemon [_thread_blocked, id=3329, stack(0x00007f96f7bfc000,0x00007f96f7cfd000)]
  0x00007f972400f800 JavaThread "main" [_thread_blocked, id=3316, stack(0x00007f972a650000,0x00007f972a750000)]

Other Threads:
  0x00007f9724187800 VMThread [stack: 0x00007f96f7cfe000,0x00007f96f7dfe000] [id=3328]
  0x00007f972433b000 WatcherThread [stack: 0x00007f96f59f2000,0x00007f96f5af2000] [id=3344]

VM state:not at safepoint (normal execution)

VM Mutex/Monitor currently owned by a thread: None

heap address: 0x0000000083c00000, size: 1988 MB, Compressed Oops mode: 32-bit
Narrow klass base: 0x0000000000000000, Narrow klass shift: 3
Compressed class space size: 1073741824 Address: 0x0000000100000000

Heap:
 PSYoungGen      total 63488K, used 30253K [0x00000000d6980000, 0x00000000db780000, 0x0000000100000000)
  eden space 52224K, 48% used [0x00000000d6980000,0x00000000d821f728,0x00000000d9c80000)
  from space 11264K, 44% used [0x00000000dac80000,0x00000000db16c048,0x00000000db780000)
  to   space 13824K, 0% used [0x00000000d9c80000,0x00000000d9c80000,0x00000000daa00000)
 ParOldGen       total 86016K, used 20440K [0x0000000083c00000, 0x0000000089000000, 0x00000000d6980000)
  object space 86016K, 23% used [0x0000000083c00000,0x0000000084ff6000,0x0000000089000000)
 Metaspace       used 14230K, capacity 14646K, committed 14848K, reserved 1062912K
  class space    used 1616K, capacity 1751K, committed 1792K, reserved 1048576K

Card table byte_map: [0x00007f9729b25000,0x00007f9729f08000] byte_map_base: 0x00007f9729707000

Marking Bits: (ParMarkBitMap*) 0x00007f972b5f1cc0
 Begin Bits: [0x00007f970c1e0000, 0x00007f970e0f0000)
 End Bits:   [0x00007f970e0f0000, 0x00007f9710000000)

Polling page: 0x00007f972b8b5000

CodeCache: size=245760Kb used=9589Kb max_used=11038Kb free=236170Kb
 bounds [0x00007f9715000000, 0x00007f9715ae0000, 0x00007f9724000000]
 total_blobs=2887 nmethods=2297 adapters=513
 compilation: enabled

Compilation events (10 events):
Event: 377,923 Thread 0x00007f972432b000 2710       3       com.sun.scenario.effect.impl.state.RenderState$3::getInputTransform (2 bytes)
Event: 377,923 Thread 0x00007f972432b000 nmethod 2710 0x00007f97156aedd0 code [0x00007f97156aef20, 0x00007f97156af070]
Event: 378,115 Thread 0x00007f9724328800 2711       4       com.sun.prism.impl.ps.BaseShaderContext::getSpecialShader (117 bytes)
Event: 378,122 Thread 0x00007f9724328800 nmethod 2711 0x00007f971516edd0 code [0x00007f971516ef60, 0x00007f971516f368]
Event: 378,283 Thread 0x00007f972432b000 2712       3       com.sun.javafx.geom.RectBounds::grow (41 bytes)
Event: 378,283 Thread 0x00007f972432b000 nmethod 2712 0x00007f97151ae310 code [0x00007f97151ae460, 0x00007f97151ae5f0]
Event: 378,616 Thread 0x00007f972432b000 2713       3       game.Hero::mDraw (2081 bytes)
Event: 378,643 Thread 0x00007f972432b000 nmethod 2713 0x00007f97153b4d10 code [0x00007f97153b6700, 0x00007f97153c96f8]
Event: 378,643 Thread 0x00007f972432b000 2714   !   3       game.Hero::$SWITCH_TABLE$game$EDungeonDirrection (87 bytes)
Event: 378,644 Thread 0x00007f972432b000 nmethod 2714 0x00007f9715128010 code [0x00007f97151281c0, 0x00007f9715128a28]

GC Heap History (10 events):
Event: 44,134 GC heap before
{Heap before GC invocations=8 (full 0):
 PSYoungGen      total 64512K, used 64434K [0x00000000d6980000, 0x00000000dc100000, 0x0000000100000000)
  eden space 59904K, 100% used [0x00000000d6980000,0x00000000da400000,0x00000000da400000)
  from space 4608K, 98% used [0x00000000da580000,0x00000000da9ec988,0x00000000daa00000)
  to   space 14848K, 0% used [0x00000000db280000,0x00000000db280000,0x00000000dc100000)
 ParOldGen       total 86016K, used 14829K [0x0000000083c00000, 0x0000000089000000, 0x00000000d6980000)
  object space 86016K, 17% used [0x0000000083c00000,0x0000000084a7b678,0x0000000089000000)
 Metaspace       used 13787K, capacity 14230K, committed 14336K, reserved 1062912K
  class space    used 1595K, capacity 1719K, committed 1792K, reserved 1048576K
Event: 44,140 GC heap after
Heap after GC invocations=8 (full 0):
 PSYoungGen      total 71680K, used 1257K [0x00000000d6980000, 0x00000000dbf80000, 0x0000000100000000)
  eden space 58368K, 0% used [0x00000000d6980000,0x00000000d6980000,0x00000000da280000)
  from space 13312K, 9% used [0x00000000db280000,0x00000000db3ba588,0x00000000dbf80000)
  to   space 14848K, 0% used [0x00000000da280000,0x00000000da280000,0x00000000db100000)
 ParOldGen       total 86016K, used 18486K [0x0000000083c00000, 0x0000000089000000, 0x00000000d6980000)
  object space 86016K, 21% used [0x0000000083c00000,0x0000000084e0da78,0x0000000089000000)
 Metaspace       used 13787K, capacity 14230K, committed 14336K, reserved 1062912K
  class space    used 1595K, capacity 1719K, committed 1792K, reserved 1048576K
}
Event: 52,750 GC heap before
{Heap before GC invocations=9 (full 0):
 PSYoungGen      total 71680K, used 59625K [0x00000000d6980000, 0x00000000dbf80000, 0x0000000100000000)
  eden space 58368K, 100% used [0x00000000d6980000,0x00000000da280000,0x00000000da280000)
  from space 13312K, 9% used [0x00000000db280000,0x00000000db3ba588,0x00000000dbf80000)
  to   space 14848K, 0% used [0x00000000da280000,0x00000000da280000,0x00000000db100000)
 ParOldGen       total 86016K, used 18486K [0x0000000083c00000, 0x0000000089000000, 0x00000000d6980000)
  object space 86016K, 21% used [0x0000000083c00000,0x0000000084e0da78,0x0000000089000000)
 Metaspace       used 13787K, capacity 14230K, committed 14336K, reserved 1062912K
  class space    used 1595K, capacity 1719K, committed 1792K, reserved 1048576K
Event: 52,756 GC heap after
Heap after GC invocations=9 (full 0):
 PSYoungGen      total 57856K, used 905K [0x00000000d6980000, 0x00000000dbe00000, 0x0000000100000000)
  eden space 56832K, 0% used [0x00000000d6980000,0x00000000d6980000,0x00000000da100000)
  from space 1024K, 88% used [0x00000000da280000,0x00000000da362588,0x00000000da380000)
  to   space 14848K, 0% used [0x00000000daf80000,0x00000000daf80000,0x00000000dbe00000)
 ParOldGen       total 86016K, used 19062K [0x0000000083c00000, 0x0000000089000000, 0x00000000d6980000)
  object space 86016K, 22% used [0x0000000083c00000,0x0000000084e9da78,0x0000000089000000)
 Metaspace       used 13787K, capacity 14230K, committed 14336K, reserved 1062912K
  class space    used 1595K, capacity 1719K, committed 1792K, reserved 1048576K
}
Event: 61,218 GC heap before
{Heap before GC invocations=10 (full 0):
 PSYoungGen      total 57856K, used 57737K [0x00000000d6980000, 0x00000000dbe00000, 0x0000000100000000)
  eden space 56832K, 100% used [0x00000000d6980000,0x00000000da100000,0x00000000da100000)
  from space 1024K, 88% used [0x00000000da280000,0x00000000da362588,0x00000000da380000)
  to   space 14848K, 0% used [0x00000000daf80000,0x00000000daf80000,0x00000000dbe00000)
 ParOldGen       total 86016K, used 19062K [0x0000000083c00000, 0x0000000089000000, 0x00000000d6980000)
  object space 86016K, 22% used [0x0000000083c00000,0x0000000084e9da78,0x0000000089000000)
 Metaspace       used 13787K, capacity 14230K, committed 14336K, reserved 1062912K
  class space    used 1595K, capacity 1719K, committed 1792K, reserved 1048576K
Event: 61,222 GC heap after
Heap after GC invocations=10 (full 0):
 PSYoungGen      total 68608K, used 617K [0x00000000d6980000, 0x00000000dbc80000, 0x0000000100000000)
  eden space 55296K, 0% used [0x00000000d6980000,0x00000000d6980000,0x00000000d9f80000)
  from space 13312K, 4% used [0x00000000daf80000,0x00000000db01a588,0x00000000dbc80000)
  to   space 14848K, 0% used [0x00000000d9f80000,0x00000000d9f80000,0x00000000dae00000)
 ParOldGen       total 86016K, used 19606K [0x0000000083c00000, 0x0000000089000000, 0x00000000d6980000)
  object space 86016K, 22% used [0x0000000083c00000,0x0000000084f25a78,0x0000000089000000)
 Metaspace       used 13787K, capacity 14230K, committed 14336K, reserved 1062912K
  class space    used 1595K, capacity 1719K, committed 1792K, reserved 1048576K
}
Event: 69,307 GC heap before
{Heap before GC invocations=11 (full 0):
 PSYoungGen      total 68608K, used 55913K [0x00000000d6980000, 0x00000000dbc80000, 0x0000000100000000)
  eden space 55296K, 100% used [0x00000000d6980000,0x00000000d9f80000,0x00000000d9f80000)
  from space 13312K, 4% used [0x00000000daf80000,0x00000000db01a588,0x00000000dbc80000)
  to   space 14848K, 0% used [0x00000000d9f80000,0x00000000d9f80000,0x00000000dae00000)
 ParOldGen       total 86016K, used 19606K [0x0000000083c00000, 0x0000000089000000, 0x00000000d6980000)
  object space 86016K, 22% used [0x0000000083c00000,0x0000000084f25a78,0x0000000089000000)
 Metaspace       used 13788K, capacity 14230K, committed 14336K, reserved 1062912K
  class space    used 1595K, capacity 1719K, committed 1792K, reserved 1048576K
Event: 69,310 GC heap after
Heap after GC invocations=11 (full 0):
 PSYoungGen      total 54272K, used 352K [0x00000000d6980000, 0x00000000dbb00000, 0x0000000100000000)
  eden space 53760K, 0% used [0x00000000d6980000,0x00000000d6980000,0x00000000d9e00000)
  from space 512K, 68% used [0x00000000d9f80000,0x00000000d9fd8000,0x00000000da000000)
  to   space 14848K, 0% used [0x00000000dac80000,0x00000000dac80000,0x00000000dbb00000)
 ParOldGen       total 86016K, used 20176K [0x0000000083c00000, 0x0000000089000000, 0x00000000d6980000)
  object space 86016K, 23% used [0x0000000083c00000,0x0000000084fb4000,0x0000000089000000)
 Metaspace       used 13788K, capacity 14230K, committed 14336K, reserved 1062912K
  class space    used 1595K, capacity 1719K, committed 1792K, reserved 1048576K
}
Event: 374,996 GC heap before
{Heap before GC invocations=12 (full 0):
 PSYoungGen      total 54272K, used 54112K [0x00000000d6980000, 0x00000000dbb00000, 0x0000000100000000)
  eden space 53760K, 100% used [0x00000000d6980000,0x00000000d9e00000,0x00000000d9e00000)
  from space 512K, 68% used [0x00000000d9f80000,0x00000000d9fd8000,0x00000000da000000)
  to   space 14848K, 0% used [0x00000000dac80000,0x00000000dac80000,0x00000000dbb00000)
 ParOldGen       total 86016K, used 20176K [0x0000000083c00000, 0x0000000089000000, 0x00000000d6980000)
  object space 86016K, 23% used [0x0000000083c00000,0x0000000084fb4000,0x0000000089000000)
 Metaspace       used 14181K, capacity 14646K, committed 14848K, reserved 1062912K
  class space    used 1614K, capacity 1751K, committed 1792K, reserved 1048576K
Event: 374,999 GC heap after
Heap after GC invocations=12 (full 0):
 PSYoungGen      total 63488K, used 5040K [0x00000000d6980000, 0x00000000db780000, 0x0000000100000000)
  eden space 52224K, 0% used [0x00000000d6980000,0x00000000d6980000,0x00000000d9c80000)
  from space 11264K, 44% used [0x00000000dac80000,0x00000000db16c048,0x00000000db780000)
  to   space 13824K, 0% used [0x00000000d9c80000,0x00000000d9c80000,0x00000000daa00000)
 ParOldGen       total 86016K, used 20440K [0x0000000083c00000, 0x0000000089000000, 0x00000000d6980000)
  object space 86016K, 23% used [0x0000000083c00000,0x0000000084ff6000,0x0000000089000000)
 Metaspace       used 14181K, capacity 14646K, committed 14848K, reserved 1062912K
  class space    used 1614K, capacity 1751K, committed 1792K, reserved 1048576K
}

Deoptimization events (10 events):
Event: 74,242 Thread 0x00007f96c40c9000 Uncommon trap: reason=unstable_if action=reinterpret pc=0x00007f971557e73c method=com.sun.prism.impl.BaseContext.flushMask()V @ 11
Event: 74,244 Thread 0x00007f96c40c9000 Uncommon trap: reason=unstable_if action=reinterpret pc=0x00007f97155258d0 method=java.util.HashMap.getNode(ILjava/lang/Object;)Ljava/util/HashMap$Node; @ 116
Event: 74,244 Thread 0x00007f96c40c9000 Uncommon trap: reason=unstable_if action=reinterpret pc=0x00007f97155aa5a8 method=com.sun.javafx.sg.prism.NGCanvas.handleRenderOp(ILcom/sun/javafx/sg/prism/GrowableDataBuffer;Lcom/sun/prism/Graphics;Lcom/sun/javafx/geom/RectBounds;)V @ 334
Event: 74,244 Thread 0x00007f96c40c9000 Uncommon trap: reason=unstable_if action=reinterpret pc=0x00007f97155786a0 method=java.lang.Math.max(FF)F @ 11
Event: 74,252 Thread 0x00007f96c40c9000 Uncommon trap: reason=unstable_if action=reinterpret pc=0x00007f971566c858 method=com.sun.javafx.sg.prism.NGCanvas.renderStream(Lcom/sun/javafx/sg/prism/GrowableDataBuffer;)V @ 1667
Event: 74,271 Thread 0x00007f96c40c9000 Uncommon trap: reason=unstable_if action=reinterpret pc=0x00007f97151594d0 method=com.sun.openpisces.Renderer$ScanlineIterator.next()I @ 61
Event: 74,326 Thread 0x00007f96c40c9000 Uncommon trap: reason=unstable_if action=reinterpret pc=0x00007f9715a05428 method=com.sun.openpisces.Renderer.produceAlphas(Lcom/sun/openpisces/AlphaConsumer;)V @ 163
Event: 74,367 Thread 0x00007f96c40c9000 Uncommon trap: reason=unstable_if action=reinterpret pc=0x00007f971517feec method=com.sun.openpisces.Helpers.widenArray([III)[I @ 5
Event: 217,285 Thread 0x00007f96c40c9000 Uncommon trap: reason=unstable_if action=reinterpret pc=0x00007f9715a168bc method=java.util.LinkedList.node(I)Ljava/util/LinkedList$Node; @ 49
Event: 217,515 Thread 0x00007f96c40c9000 Uncommon trap: reason=unstable_if action=reinterpret pc=0x00007f9715972190 method=com.sun.javafx.sg.prism.GrowableDataBuffer.returnBuffer(Lcom/sun/javafx/sg/prism/GrowableDataBuffer;)V @ 91

Classes redefined (3 events):
Event: 74,166 Thread 0x00007f9724187800 redefined class name=game.Hero, count=1
Event: 180,727 Thread 0x00007f9724187800 redefined class name=game.Hero, count=2
Event: 367,811 Thread 0x00007f9724187800 redefined class name=game.Hero, count=3

Internal exceptions (10 events):
Event: 0,775 Thread 0x00007f97243db000 Exception <a 'java/security/PrivilegedActionException'> (0x00000000d72a77a8) thrown at [/build/java8-openjdk/src/jdk8u-jdk8u242-b08/hotspot/src/share/vm/prims/jvm.cpp, line 1500]
Event: 0,775 Thread 0x00007f97243db000 Exception <a 'java/lang/NullPointerException'> (0x00000000d72a8190) thrown at [/build/java8-openjdk/src/jdk8u-jdk8u242-b08/hotspot/src/share/vm/interpreter/linkResolver.cpp, line 1185]
Event: 1,378 Thread 0x00007f96c41fa800 Exception <a 'java/lang/NullPointerException'> (0x00000000d6f24588) thrown at [/build/java8-openjdk/src/jdk8u-jdk8u242-b08/hotspot/src/share/vm/interpreter/linkResolver.cpp, line 1185]
Event: 1,378 Thread 0x00007f96c41fa800 Exception <a 'java/lang/NullPointerException'> (0x00000000d6f24588) thrown at [/build/java8-openjdk/src/jdk8u-jdk8u242-b08/hotspot/src/share/vm/prims/jvm.cpp, line 1506]
Event: 1,610 Thread 0x00007f96c41fa800 Exception <a 'java/io/FileNotFoundException'> (0x00000000d7fbd280) thrown at [/build/java8-openjdk/src/jdk8u-jdk8u242-b08/hotspot/src/share/vm/prims/jni.cpp, line 710]
Event: 1,610 Thread 0x00007f96c41fa800 Exception <a 'java/io/FileNotFoundException'> (0x00000000d7fbdd30) thrown at [/build/java8-openjdk/src/jdk8u-jdk8u242-b08/hotspot/src/share/vm/prims/jni.cpp, line 710]
Event: 74,170 Thread 0x00007f96c40c9000 Implicit null exception at 0x00007f97159a0d84 to 0x00007f97159a13cd
Event: 74,200 Thread 0x00007f96c40c9000 Implicit null exception at 0x00007f97157c0a43 to 0x00007f97157c0e26
Event: 74,200 Thread 0x00007f96c40c9000 Implicit null exception at 0x00007f97157e4032 to 0x00007f97157e4767
Event: 74,205 Thread 0x00007f96c40c9000 Implicit null exception at 0x00007f97158ee54c to 0x00007f97158ee691

Events (10 events):
Event: 376,040 Thread 0x00007f972432b000 flushing nmethod 0x00007f97158a2b10
Event: 376,040 Thread 0x00007f972432b000 flushing nmethod 0x00007f97158a6310
Event: 376,040 Thread 0x00007f972432b000 flushing nmethod 0x00007f971591ad90
Event: 376,040 Thread 0x00007f972432b000 flushing nmethod 0x00007f971591c290
Event: 376,041 Thread 0x00007f972432b000 flushing nmethod 0x00007f9715947810
Event: 376,421 Thread 0x00007f96c40c9000 DEOPT PACKING pc=0x00007f97151c5e43 sp=0x00007f96f58ed440
Event: 376,421 Thread 0x00007f96c40c9000 DEOPT UNPACKING pc=0x00007f97150470c4 sp=0x00007f96f58ed1d0 mode 0
Event: 378,720 Thread 0x00007f96e4001800 Thread exited: 0x00007f96e4001800
Event: 378,720 loading class sun/misc/Signal$1
Event: 378,720 loading class sun/misc/Signal$1 done


Dynamic libraries:
83c00000-89000000 rw-p 00000000 00:00 0 
89000000-d6980000 ---p 00000000 00:00 0 
d6980000-db780000 rw-p 00000000 00:00 0 
db780000-100000000 ---p 00000000 00:00 0 
100000000-1001c0000 rw-p 00000000 00:00 0 
1001c0000-140000000 ---p 00000000 00:00 0 
558566883000-558566884000 r--p 00000000 08:02 27404595                   /usr/lib/jvm/java-8-openjdk/jre/bin/java
558566884000-558566885000 r-xp 00001000 08:02 27404595                   /usr/lib/jvm/java-8-openjdk/jre/bin/java
558566885000-558566886000 r--p 00002000 08:02 27404595                   /usr/lib/jvm/java-8-openjdk/jre/bin/java
558566886000-558566887000 r--p 00002000 08:02 27404595                   /usr/lib/jvm/java-8-openjdk/jre/bin/java
558566887000-558566888000 rw-p 00003000 08:02 27404595                   /usr/lib/jvm/java-8-openjdk/jre/bin/java
5585673c7000-5585673e8000 rw-p 00000000 00:00 0                          [heap]
7f966c000000-7f966c4bc000 rw-p 00000000 00:00 0 
7f966c4bc000-7f9670000000 ---p 00000000 00:00 0 
7f9670000000-7f967005c000 rw-p 00000000 00:00 0 
7f967005c000-7f9674000000 ---p 00000000 00:00 0 
7f9674000000-7f9674021000 rw-p 00000000 00:00 0 
7f9674021000-7f9678000000 ---p 00000000 00:00 0 
7f9678000000-7f9678021000 rw-p 00000000 00:00 0 
7f9678021000-7f967c000000 ---p 00000000 00:00 0 
7f967c000000-7f967c04a000 rw-p 00000000 00:00 0 
7f967c04a000-7f9680000000 ---p 00000000 00:00 0 
7f9680000000-7f968004c000 rw-p 00000000 00:00 0 
7f968004c000-7f9684000000 ---p 00000000 00:00 0 
7f9684000000-7f9684021000 rw-p 00000000 00:00 0 
7f9684021000-7f9688000000 ---p 00000000 00:00 0 
7f9688000000-7f9688021000 rw-p 00000000 00:00 0 
7f9688021000-7f968c000000 ---p 00000000 00:00 0 
7f968c000000-7f968c021000 rw-p 00000000 00:00 0 
7f968c021000-7f9690000000 ---p 00000000 00:00 0 
7f96934d8000-7f96935d8000 rw-s 1142b0000 00:06 425                       /dev/dri/renderD128
7f96935dd000-7f96936dd000 rw-s 104005000 00:06 425                       /dev/dri/renderD128
7f96936e4000-7f96937e4000 rw-s 103004000 00:06 425                       /dev/dri/renderD128
7f96938a6000-7f96939a6000 rw-s 103a36000 00:06 425                       /dev/dri/renderD128
7f96939f6000-7f9693ab6000 rw-p 00000000 00:00 0 
7f9693ab6000-7f9693bf6000 ---p 00000000 00:00 0 
7f9693c81000-7f9693cdb000 rw-s 113fe9000 00:06 425                       /dev/dri/renderD128
7f9693cdd000-7f9693d37000 rw-s 1108e5000 00:06 425                       /dev/dri/renderD128
7f9693e00000-7f9694000000 rw-p 00000000 00:00 0 
7f9694000000-7f9694021000 rw-p 00000000 00:00 0 
7f9694021000-7f9698000000 ---p 00000000 00:00 0 
7f969800b000-7f969801b000 rw-s 1136bb000 00:06 425                       /dev/dri/renderD128
7f9698036000-7f9698136000 rw-s 113096000 00:06 425                       /dev/dri/renderD128
7f9698138000-7f969813d000 r--p 00000000 08:02 27527698                   /usr/lib/jvm/java-8-openjdk/jre/lib/amd64/libjavafx_iio.so
7f969813d000-7f9698169000 r-xp 00005000 08:02 27527698                   /usr/lib/jvm/java-8-openjdk/jre/lib/amd64/libjavafx_iio.so
7f9698169000-7f9698171000 r--p 00031000 08:02 27527698                   /usr/lib/jvm/java-8-openjdk/jre/lib/amd64/libjavafx_iio.so
7f9698171000-7f9698172000 r--p 00038000 08:02 27527698                   /usr/lib/jvm/java-8-openjdk/jre/lib/amd64/libjavafx_iio.so
7f9698172000-7f9698173000 rw-p 00039000 08:02 27527698                   /usr/lib/jvm/java-8-openjdk/jre/lib/amd64/libjavafx_iio.so
7f9698178000-7f9698378000 rw-p 00000000 00:00 0 
7f9698378000-7f9698388000 r--p 00000000 08:02 27526983                   /usr/lib/jvm/java-8-openjdk/jre/lib/amd64/libawt_xawt.so
7f9698388000-7f96983c2000 r-xp 00010000 08:02 27526983                   /usr/lib/jvm/java-8-openjdk/jre/lib/amd64/libawt_xawt.so
7f96983c2000-7f96983d3000 r--p 0004a000 08:02 27526983                   /usr/lib/jvm/java-8-openjdk/jre/lib/amd64/libawt_xawt.so
7f96983d3000-7f96983d4000 ---p 0005b000 08:02 27526983                   /usr/lib/jvm/java-8-openjdk/jre/lib/amd64/libawt_xawt.so
7f96983d4000-7f96983d5000 r--p 0005b000 08:02 27526983                   /usr/lib/jvm/java-8-openjdk/jre/lib/amd64/libawt_xawt.so
7f96983d5000-7f96983d7000 rw-p 0005c000 08:02 27526983                   /usr/lib/jvm/java-8-openjdk/jre/lib/amd64/libawt_xawt.so
7f96983d7000-7f96983d9000 rw-p 00000000 00:00 0 
7f96983e0000-7f969840d000 r--p 00000000 08:02 27526971                   /usr/lib/jvm/java-8-openjdk/jre/lib/amd64/libawt.so
7f969840d000-7f9698475000 r-xp 0002d000 08:02 27526971                   /usr/lib/jvm/java-8-openjdk/jre/lib/amd64/libawt.so
7f9698475000-7f9698481000 r--p 00095000 08:02 27526971                   /usr/lib/jvm/java-8-openjdk/jre/lib/amd64/libawt.so
7f9698481000-7f9698482000 ---p 000a1000 08:02 27526971                   /usr/lib/jvm/java-8-openjdk/jre/lib/amd64/libawt.so
7f9698482000-7f9698483000 r--p 000a1000 08:02 27526971                   /usr/lib/jvm/java-8-openjdk/jre/lib/amd64/libawt.so
7f9698483000-7f969848e000 rw-p 000a2000 08:02 27526971                   /usr/lib/jvm/java-8-openjdk/jre/lib/amd64/libawt.so
7f969848e000-7f96984b3000 rw-p 00000000 00:00 0 
7f96984b8000-7f96984c1000 r--s 00000000 08:02 60558336                   /var/cache/fontconfig/68a34b5d-99d1-4c93-b6ac-de9820f94b3a-le64.cache-7
7f96984c8000-7f96984de000 r--s 00000000 08:02 60558335                   /var/cache/fontconfig/5ab25d18-cd65-4aa4-9c45-35e1df404ef4-le64.cache-7
7f96984e0000-7f96984e8000 r--s 00000000 08:02 60558333                   /var/cache/fontconfig/374249dd-8737-4d46-a54f-0a4f650bdece-le64.cache-7
7f96984e8000-7f96984f3000 r--s 00000000 08:02 60558332                   /var/cache/fontconfig/f60cb9d3-6e90-400b-8e3b-8736add1dfda-le64.cache-7
7f96984f8000-7f9698502000 r--s 00000000 08:02 60558326                   /var/cache/fontconfig/6aaf0571-6f9c-446e-9be2-639a0b9e5266-le64.cache-7
7f9698508000-7f9698512000 r--s 00000000 08:02 60558325                   /var/cache/fontconfig/78a2b824-3f19-48c9-93e1-003ce3a3baa2-le64.cache-7
7f9698518000-7f9698522000 r--s 00000000 08:02 60558321                   /var/cache/fontconfig/f540f11f-1774-4973-ab6a-a7ae5c8044ae-le64.cache-7
7f9698528000-7f969854a000 r--s 00000000 08:02 60555532                   /var/cache/fontconfig/0822bbb0-29ad-4f0d-9559-e9beb1e0b016-le64.cache-7
7f9698550000-7f9698616000 r--s 00000000 08:02 60555531                   /var/cache/fontconfig/274a7941-ba2b-47fc-9823-34e334f65f07-le64.cache-7
7f9698618000-7f969861f000 r--s 00000000 08:02 60555527                   /var/cache/fontconfig/a23df98f-5d45-4643-b885-86f53b3852f7-le64.cache-7
7f9698620000-7f9698625000 r--s 00000000 08:02 60555526                   /var/cache/fontconfig/fe8c96d2-35a8-4df8-85bc-566a97a0a0ad-le64.cache-7
7f9698628000-7f9698636000 r--s 00000000 08:02 60555525                   /var/cache/fontconfig/b86d6036-bc98-471c-b5c7-2cf162e29bfd-le64.cache-7
7f9698638000-7f9698646000 r--s 00000000 08:02 60555523                   /var/cache/fontconfig/edbfcf4e-2611-4630-ba02-569f8f6ed836-le64.cache-7
7f9698648000-7f969864d000 r--s 00000000 08:02 60555508                   /var/cache/fontconfig/b2399c6b-ada1-4d13-8fa7-bf3d08082a4b-le64.cache-7
7f9698650000-7f969865d000 r--s 00000000 08:02 60555507                   /var/cache/fontconfig/9efb714d-05d4-47ff-b65e-c0b031be0f74-le64.cache-7
7f969865e000-7f9698661000 ---p 00000000 00:00 0 
7f9698661000-7f969875f000 rw-p 00000000 00:00 0 
7f969875f000-7f9698762000 ---p 00000000 00:00 0 
7f9698762000-7f9698860000 rw-p 00000000 00:00 0 
7f9698860000-7f969889a000 r-xp 00000000 08:02 27527170                   /usr/lib/gtk-2.0/2.10.0/engines/libmurrine.so
7f969889a000-7f9698a9a000 ---p 0003a000 08:02 27527170                   /usr/lib/gtk-2.0/2.10.0/engines/libmurrine.so
7f9698a9a000-7f9698a9b000 r--p 0003a000 08:02 27527170                   /usr/lib/gtk-2.0/2.10.0/engines/libmurrine.so
7f9698a9b000-7f9698a9c000 rw-p 0003b000 08:02 27527170                   /usr/lib/gtk-2.0/2.10.0/engines/libmurrine.so
7f9698aa0000-7f9698aa2000 r-xp 00000000 08:02 27527157                   /usr/lib/gtk-2.0/2.10.0/engines/libadwaita.so
7f9698aa2000-7f9698ca1000 ---p 00002000 08:02 27527157                   /usr/lib/gtk-2.0/2.10.0/engines/libadwaita.so
7f9698ca1000-7f9698ca2000 r--p 00001000 08:02 27527157                   /usr/lib/gtk-2.0/2.10.0/engines/libadwaita.so
7f9698ca2000-7f9698ca3000 rw-p 00002000 08:02 27527157                   /usr/lib/gtk-2.0/2.10.0/engines/libadwaita.so
7f9698ca8000-7f9698cb1000 r-xp 00000000 08:02 27527171                   /usr/lib/gtk-2.0/2.10.0/engines/libpixmap.so
7f9698cb1000-7f9698eb1000 ---p 00009000 08:02 27527171                   /usr/lib/gtk-2.0/2.10.0/engines/libpixmap.so
7f9698eb1000-7f9698eb2000 r--p 00009000 08:02 27527171                   /usr/lib/gtk-2.0/2.10.0/engines/libpixmap.so
7f9698eb2000-7f9698eb3000 rw-p 0000a000 08:02 27527171                   /usr/lib/gtk-2.0/2.10.0/engines/libpixmap.so
7f9698eb8000-7f9698eb9000 r--p 00000000 08:02 26482514                   /usr/lib/libcrypt-2.30.so
7f9698eb9000-7f9698ebf000 r-xp 00001000 08:02 26482514                   /usr/lib/libcrypt-2.30.so
7f9698ebf000-7f9698ec1000 r--p 00007000 08:02 26482514                   /usr/lib/libcrypt-2.30.so
7f9698ec1000-7f9698ec2000 ---p 00009000 08:02 26482514                   /usr/lib/libcrypt-2.30.so
7f9698ec2000-7f9698ec3000 r--p 00009000 08:02 26482514                   /usr/lib/libcrypt-2.30.so
7f9698ec3000-7f9698ec4000 rw-p 0000a000 08:02 26482514                   /usr/lib/libcrypt-2.30.so
7f9698ec4000-7f9698ef2000 rw-p 00000000 00:00 0 
7f9698ef8000-7f9698efa000 r--p 00000000 08:02 26491413                   /usr/lib/libogg.so.0.8.4
7f9698efa000-7f9698efd000 r-xp 00002000 08:02 26491413                   /usr/lib/libogg.so.0.8.4
7f9698efd000-7f9698f00000 r--p 00005000 08:02 26491413                   /usr/lib/libogg.so.0.8.4
7f9698f00000-7f9698f01000 ---p 00008000 08:02 26491413                   /usr/lib/libogg.so.0.8.4
7f9698f01000-7f9698f02000 r--p 00008000 08:02 26491413                   /usr/lib/libogg.so.0.8.4
7f9698f02000-7f9698f03000 rw-p 00009000 08:02 26491413                   /usr/lib/libogg.so.0.8.4
7f9698f08000-7f9698f32000 r-xp 00000000 08:02 26491612                   /usr/lib/libvorbis.so.0.4.8
7f9698f32000-7f9699132000 ---p 0002a000 08:02 26491612                   /usr/lib/libvorbis.so.0.4.8
7f9699132000-7f9699133000 r--p 0002a000 08:02 26491612                   /usr/lib/libvorbis.so.0.4.8
7f9699133000-7f9699134000 rw-p 0002b000 08:02 26491612                   /usr/lib/libvorbis.so.0.4.8
7f9699138000-7f969913a000 r--p 00000000 08:02 26491356                   /usr/lib/libltdl.so.7.3.1
7f969913a000-7f969913f000 r-xp 00002000 08:02 26491356                   /usr/lib/libltdl.so.7.3.1
7f969913f000-7f9699141000 r--p 00007000 08:02 26491356                   /usr/lib/libltdl.so.7.3.1
7f9699141000-7f9699142000 ---p 00009000 08:02 26491356                   /usr/lib/libltdl.so.7.3.1
7f9699142000-7f9699143000 r--p 00009000 08:02 26491356                   /usr/lib/libltdl.so.7.3.1
7f9699143000-7f9699144000 rw-p 0000a000 08:02 26491356                   /usr/lib/libltdl.so.7.3.1
7f9699148000-7f969914c000 r--p 00000000 08:02 26491569                   /usr/lib/libtdb.so.1.3.18
7f969914c000-7f9699159000 r-xp 00004000 08:02 26491569                   /usr/lib/libtdb.so.1.3.18
7f9699159000-7f969915f000 r--p 00011000 08:02 26491569                   /usr/lib/libtdb.so.1.3.18
7f969915f000-7f9699160000 r--p 00016000 08:02 26491569                   /usr/lib/libtdb.so.1.3.18
7f9699160000-7f9699161000 rw-p 00017000 08:02 26491569                   /usr/lib/libtdb.so.1.3.18
7f9699168000-7f969916f000 r-xp 00000000 08:02 26491614                   /usr/lib/libvorbisfile.so.3.3.7
7f969916f000-7f969936f000 ---p 00007000 08:02 26491614                   /usr/lib/libvorbisfile.so.3.3.7
7f969936f000-7f9699370000 r--p 00007000 08:02 26491614                   /usr/lib/libvorbisfile.so.3.3.7
7f9699370000-7f9699371000 rw-p 00008000 08:02 26491614                   /usr/lib/libvorbisfile.so.3.3.7
7f9699378000-7f969937b000 r--p 00000000 08:02 26491117                   /usr/lib/libcanberra.so.0.2.5
7f969937b000-7f9699385000 r-xp 00003000 08:02 26491117                   /usr/lib/libcanberra.so.0.2.5
7f9699385000-7f9699389000 r--p 0000d000 08:02 26491117                   /usr/lib/libcanberra.so.0.2.5
7f9699389000-7f969938a000 ---p 00011000 08:02 26491117                   /usr/lib/libcanberra.so.0.2.5
7f969938a000-7f969938b000 r--p 00011000 08:02 26491117                   /usr/lib/libcanberra.so.0.2.5
7f969938b000-7f969938c000 rw-p 00012000 08:02 26491117                   /usr/lib/libcanberra.so.0.2.5
7f9699390000-7f9699392000 r--p 00000000 08:02 26491114                   /usr/lib/libcanberra-gtk.so.0.1.9
7f9699392000-7f9699394000 r-xp 00002000 08:02 26491114                   /usr/lib/libcanberra-gtk.so.0.1.9
7f9699394000-7f9699395000 r--p 00004000 08:02 26491114                   /usr/lib/libcanberra-gtk.so.0.1.9
7f9699395000-7f9699396000 r--p 00004000 08:02 26491114                   /usr/lib/libcanberra-gtk.so.0.1.9
7f9699396000-7f9699397000 rw-p 00005000 08:02 26491114                   /usr/lib/libcanberra-gtk.so.0.1.9
7f9699398000-7f96993ba000 r--s 00000000 08:02 60555506                   /var/cache/fontconfig/d64f659b-e220-4d75-a55a-72a454ed7e65-le64.cache-7
7f96993c0000-7f96993c2000 r--p 00000000 08:02 27527695                   /usr/lib/jvm/java-8-openjdk/jre/lib/amd64/libjavafx_font_freetype.so
7f96993c2000-7f96993c4000 r-xp 00002000 08:02 27527695                   /usr/lib/jvm/java-8-openjdk/jre/lib/amd64/libjavafx_font_freetype.so
7f96993c4000-7f96993c6000 r--p 00004000 08:02 27527695                   /usr/lib/jvm/java-8-openjdk/jre/lib/amd64/libjavafx_font_freetype.so
7f96993c6000-7f96993c7000 r--p 00005000 08:02 27527695                   /usr/lib/jvm/java-8-openjdk/jre/lib/amd64/libjavafx_font_freetype.so
7f96993c7000-7f96993c8000 rw-p 00006000 08:02 27527695                   /usr/lib/jvm/java-8-openjdk/jre/lib/amd64/libjavafx_font_freetype.so
7f96993c8000-7f96993c9000 r--p 00000000 08:02 27527691                   /usr/lib/jvm/java-8-openjdk/jre/lib/amd64/libjavafx_font.so
7f96993c9000-7f96993cb000 r-xp 00001000 08:02 27527691                   /usr/lib/jvm/java-8-openjdk/jre/lib/amd64/libjavafx_font.so
7f96993cb000-7f96993cc000 r--p 00003000 08:02 27527691                   /usr/lib/jvm/java-8-openjdk/jre/lib/amd64/libjavafx_font.so
7f96993cc000-7f96993cd000 r--p 00003000 08:02 27527691                   /usr/lib/jvm/java-8-openjdk/jre/lib/amd64/libjavafx_font.so
7f96993cd000-7f96993ce000 rw-p 00004000 08:02 27527691                   /usr/lib/jvm/java-8-openjdk/jre/lib/amd64/libjavafx_font.so
7f96993ce000-7f96993da000 rw-s 1137d6000 00:06 425                       /dev/dri/renderD128
7f96993e0000-7f96993e2000 r--p 00000000 08:02 27527194                   /usr/lib/gtk-2.0/modules/libcanberra-gtk-module.so
7f96993e2000-7f96993e5000 r-xp 00002000 08:02 27527194                   /usr/lib/gtk-2.0/modules/libcanberra-gtk-module.so
7f96993e5000-7f96993e6000 r--p 00005000 08:02 27527194                   /usr/lib/gtk-2.0/modules/libcanberra-gtk-module.so
7f96993e6000-7f96993e7000 r--p 00005000 08:02 27527194                   /usr/lib/gtk-2.0/modules/libcanberra-gtk-module.so
7f96993e7000-7f96993e8000 rw-p 00006000 08:02 27527194                   /usr/lib/gtk-2.0/modules/libcanberra-gtk-module.so
7f96993e8000-7f96993ea000 r--p 00000000 08:02 26491033                   /usr/lib/libXtst.so.6.1.0
7f96993ea000-7f96993ed000 r-xp 00002000 08:02 26491033                   /usr/lib/libXtst.so.6.1.0
7f96993ed000-7f96993ee000 r--p 00005000 08:02 26491033                   /usr/lib/libXtst.so.6.1.0
7f96993ee000-7f96993ef000 r--p 00005000 08:02 26491033                   /usr/lib/libXtst.so.6.1.0
7f96993ef000-7f96993f0000 rw-p 00006000 08:02 26491033                   /usr/lib/libXtst.so.6.1.0
7f96993f0000-7f96993f1000 r--p 00000000 08:02 26482592                   /usr/lib/libgthread-2.0.so.0.6200.4
7f96993f1000-7f96993f2000 r-xp 00001000 08:02 26482592                   /usr/lib/libgthread-2.0.so.0.6200.4
7f96993f2000-7f96993f3000 r--p 00002000 08:02 26482592                   /usr/lib/libgthread-2.0.so.0.6200.4
7f96993f3000-7f96993f4000 r--p 00002000 08:02 26482592                   /usr/lib/libgthread-2.0.so.0.6200.4
7f96993f4000-7f96993f5000 rw-p 00003000 08:02 26482592                   /usr/lib/libgthread-2.0.so.0.6200.4
7f96993f8000-7f96993fb000 r--s 00000000 08:02 60555757                   /var/cache/fontconfig/d921ff0b-84eb-4eea-a25e-06d33157e6e2-le64.cache-7
7f9699400000-7f969942b000 r--p 00000000 08:02 27155894                   /usr/share/locale/fr/LC_MESSAGES/gtk20-properties.mo
7f9699430000-7f969943f000 r--p 00000000 08:02 27155895                   /usr/share/locale/fr/LC_MESSAGES/gtk20.mo
7f9699440000-7f9699446000 r-xp 00000000 08:02 26491141                   /usr/lib/libdatrie.so.1.3.5
7f9699446000-7f9699645000 ---p 00006000 08:02 26491141                   /usr/lib/libdatrie.so.1.3.5
7f9699645000-7f9699646000 r--p 00005000 08:02 26491141                   /usr/lib/libdatrie.so.1.3.5
7f9699646000-7f9699647000 rw-p 00006000 08:02 26491141                   /usr/lib/libdatrie.so.1.3.5
7f9699648000-7f969964b000 r--p 00000000 08:02 26491247                   /usr/lib/libgraphite2.so.3.2.1
7f969964b000-7f9699665000 r-xp 00003000 08:02 26491247                   /usr/lib/libgraphite2.so.3.2.1
7f9699665000-7f969966a000 r--p 0001d000 08:02 26491247                   /usr/lib/libgraphite2.so.3.2.1
7f969966a000-7f969966c000 r--p 00021000 08:02 26491247                   /usr/lib/libgraphite2.so.3.2.1
7f969966c000-7f969966d000 rw-p 00023000 08:02 26491247                   /usr/lib/libgraphite2.so.3.2.1
7f9699670000-7f9699679000 r--p 00000000 08:02 26480862                   /usr/lib/libblkid.so.1.1.0
7f9699679000-7f96996ab000 r-xp 00009000 08:02 26480862                   /usr/lib/libblkid.so.1.1.0
7f96996ab000-7f96996bb000 r--p 0003b000 08:02 26480862                   /usr/lib/libblkid.so.1.1.0
7f96996bb000-7f96996bc000 ---p 0004b000 08:02 26480862                   /usr/lib/libblkid.so.1.1.0
7f96996bc000-7f96996c0000 r--p 0004b000 08:02 26480862                   /usr/lib/libblkid.so.1.1.0
7f96996c0000-7f96996c1000 rw-p 0004f000 08:02 26480862                   /usr/lib/libblkid.so.1.1.0
7f96996c8000-7f96996ca000 r--p 00000000 08:02 26482502                   /usr/lib/libbz2.so.1.0.8
7f96996ca000-7f96996d7000 r-xp 00002000 08:02 26482502                   /usr/lib/libbz2.so.1.0.8
7f96996d7000-7f96996d9000 r--p 0000f000 08:02 26482502                   /usr/lib/libbz2.so.1.0.8
7f96996d9000-7f96996da000 r--p 00010000 08:02 26482502                   /usr/lib/libbz2.so.1.0.8
7f96996da000-7f96996db000 rw-p 00011000 08:02 26482502                   /usr/lib/libbz2.so.1.0.8
7f96996e0000-7f96996e2000 r--p 00000000 08:02 26496679                   /usr/lib/libuuid.so.1.3.0
7f96996e2000-7f96996e6000 r-xp 00002000 08:02 26496679                   /usr/lib/libuuid.so.1.3.0
7f96996e6000-7f96996e7000 r--p 00006000 08:02 26496679                   /usr/lib/libuuid.so.1.3.0
7f96996e7000-7f96996e8000 r--p 00006000 08:02 26496679                   /usr/lib/libuuid.so.1.3.0
7f96996e8000-7f96996e9000 rw-p 00007000 08:02 26496679                   /usr/lib/libuuid.so.1.3.0
7f96996f0000-7f96996f2000 r--p 00000000 08:02 26482701                   /usr/lib/libpcre.so.1.2.11
7f96996f2000-7f9699743000 r-xp 00002000 08:02 26482701                   /usr/lib/libpcre.so.1.2.11
7f9699743000-7f9699761000 r--p 00053000 08:02 26482701                   /usr/lib/libpcre.so.1.2.11
7f9699761000-7f9699762000 r--p 00070000 08:02 26482701                   /usr/lib/libpcre.so.1.2.11
7f9699762000-7f9699763000 rw-p 00071000 08:02 26482701                   /usr/lib/libpcre.so.1.2.11
7f9699768000-7f969976a000 r--p 00000000 08:02 26491194                   /usr/lib/libfribidi.so.0.4.0
7f969976a000-7f969976e000 r-xp 00002000 08:02 26491194                   /usr/lib/libfribidi.so.0.4.0
7f969976e000-7f9699784000 r--p 00006000 08:02 26491194                   /usr/lib/libfribidi.so.0.4.0
7f9699784000-7f9699785000 r--p 0001b000 08:02 26491194                   /usr/lib/libfribidi.so.0.4.0
7f9699785000-7f9699786000 rw-p 0001c000 08:02 26491194                   /usr/lib/libfribidi.so.0.4.0
7f9699788000-7f9699792000 r--p 00000000 08:02 26491296                   /usr/lib/libharfbuzz.so.0.20600.4
7f9699792000-7f9699858000 r-xp 0000a000 08:02 26491296                   /usr/lib/libharfbuzz.so.0.20600.4
7f9699858000-7f9699889000 r--p 000d0000 08:02 26491296                   /usr/lib/libharfbuzz.so.0.20600.4
7f9699889000-7f969988a000 ---p 00101000 08:02 26491296                   /usr/lib/libharfbuzz.so.0.20600.4
7f969988a000-7f969988b000 r--p 00101000 08:02 26491296                   /usr/lib/libharfbuzz.so.0.20600.4
7f969988b000-7f969988c000 rw-p 00102000 08:02 26491296                   /usr/lib/libharfbuzz.so.0.20600.4
7f9699890000-7f969989c000 r--p 00000000 08:02 26482555                   /usr/lib/libmount.so.1.1.0
7f969989c000-7f96998d7000 r-xp 0000c000 08:02 26482555                   /usr/lib/libmount.so.1.1.0
7f96998d7000-7f96998e9000 r--p 00047000 08:02 26482555                   /usr/lib/libmount.so.1.1.0
7f96998e9000-7f96998ea000 ---p 00059000 08:02 26482555                   /usr/lib/libmount.so.1.1.0
7f96998ea000-7f96998ec000 r--p 00059000 08:02 26482555                   /usr/lib/libmount.so.1.1.0
7f96998ec000-7f96998ed000 rw-p 0005b000 08:02 26482555                   /usr/lib/libmount.so.1.1.0
7f96998f0000-7f96998fd000 r--p 00000000 08:02 26491193                   /usr/lib/libfreetype.so.6.17.1
7f96998fd000-7f969997e000 r-xp 0000d000 08:02 26491193                   /usr/lib/libfreetype.so.6.17.1
7f969997e000-7f96999b5000 r--p 0008e000 08:02 26491193                   /usr/lib/libfreetype.so.6.17.1
7f96999b5000-7f96999b6000 ---p 000c5000 08:02 26491193                   /usr/lib/libfreetype.so.6.17.1
7f96999b6000-7f96999bd000 r--p 000c5000 08:02 26491193                   /usr/lib/libfreetype.so.6.17.1
7f96999bd000-7f96999be000 rw-p 000cc000 08:02 26491193                   /usr/lib/libfreetype.so.6.17.1
7f96999c0000-7f96999cb000 r--p 00000000 08:02 26491444                   /usr/lib/libpixman-1.so.0.38.4
7f96999cb000-7f9699a51000 r-xp 0000b000 08:02 26491444                   /usr/lib/libpixman-1.so.0.38.4
7f9699a51000-7f9699a61000 r--p 00091000 08:02 26491444                   /usr/lib/libpixman-1.so.0.38.4
7f9699a61000-7f9699a69000 r--p 000a0000 08:02 26491444                   /usr/lib/libpixman-1.so.0.38.4
7f9699a69000-7f9699a6a000 rw-p 000a8000 08:02 26491444                   /usr/lib/libpixman-1.so.0.38.4
7f9699a70000-7f9699